2020-04-11 01:11:26,561  INFO [main] Generic_Test:41 - Browser is launched
2020-04-11 01:11:45,492  INFO [main] Generic_Test:41 - Browser is launched
2020-04-11 01:12:23,288  INFO [main] Generic_Test:41 - Browser is launched
2020-04-11 11:26:32,659  INFO [main] Generic_Test:41 - Browser is launched
2020-04-11 23:34:51,379  INFO [main] Generic_Test:42 - Browser is launched
2020-04-11 23:35:02,508  INFO [main] Generic_Test:79 - Browser is closed
2020-04-11 23:35:02,604 DEBUG [main] cache:45 - Couldn't find template in cache for "v3html/v3-html-index.ftl"("en", UTF-8, parsed); will try to load it.
2020-04-11 23:35:02,604 DEBUG [main] cache:45 - TemplateLoader.findTemplateSource("v3html/v3-html-index_en.ftl"): Not found
2020-04-11 23:35:02,604 DEBUG [main] cache:45 - TemplateLoader.findTemplateSource("v3html/v3-html-index.ftl"): Found
2020-04-11 23:35:02,604 DEBUG [main] cache:45 - Loading template for "v3html/v3-html-index.ftl"("en", UTF-8, parsed) from "jar:file:/C:/Users/arunt/.m2/repository/com/aventstack/extentreports/4.0.9/extentreports-4.0.9.jar!/com/aventstack/extentreports/view/v3html/v3-html-index.ftl"
2020-04-11 23:35:02,979 DEBUG [main] cache:45 - Couldn't find template in cache for "v3html/v3-html-head.ftl"("en", UTF-8, parsed); will try to load it.
2020-04-11 23:35:02,979 DEBUG [main] cache:45 - TemplateLoader.findTemplateSource("v3html/v3-html-head_en.ftl"): Not found
2020-04-11 23:35:02,979 DEBUG [main] cache:45 - TemplateLoader.findTemplateSource("v3html/v3-html-head.ftl"): Found
2020-04-11 23:35:02,979 DEBUG [main] cache:45 - Loading template for "v3html/v3-html-head.ftl"("en", UTF-8, parsed) from "jar:file:/C:/Users/arunt/.m2/repository/com/aventstack/extentreports/4.0.9/extentreports-4.0.9.jar!/com/aventstack/extentreports/view/v3html/v3-html-head.ftl"
2020-04-11 23:35:02,979 DEBUG [main] cache:45 - Couldn't find template in cache for "v3html/v3-html-nav.ftl"("en", UTF-8, parsed); will try to load it.
2020-04-11 23:35:02,979 DEBUG [main] cache:45 - TemplateLoader.findTemplateSource("v3html/v3-html-nav_en.ftl"): Not found
2020-04-11 23:35:02,979 DEBUG [main] cache:45 - TemplateLoader.findTemplateSource("v3html/v3-html-nav.ftl"): Found
2020-04-11 23:35:02,979 DEBUG [main] cache:45 - Loading template for "v3html/v3-html-nav.ftl"("en", UTF-8, parsed) from "jar:file:/C:/Users/arunt/.m2/repository/com/aventstack/extentreports/4.0.9/extentreports-4.0.9.jar!/com/aventstack/extentreports/view/v3html/v3-html-nav.ftl"
2020-04-11 23:35:02,995 DEBUG [main] cache:45 - Couldn't find template in cache for "v3html/test-view/v3-html-test-view.ftl"("en", UTF-8, parsed); will try to load it.
2020-04-11 23:35:02,995 DEBUG [main] cache:45 - TemplateLoader.findTemplateSource("v3html/test-view/v3-html-test-view_en.ftl"): Not found
2020-04-11 23:35:02,995 DEBUG [main] cache:45 - TemplateLoader.findTemplateSource("v3html/test-view/v3-html-test-view.ftl"): Found
2020-04-11 23:35:02,995 DEBUG [main] cache:45 - Loading template for "v3html/test-view/v3-html-test-view.ftl"("en", UTF-8, parsed) from "jar:file:/C:/Users/arunt/.m2/repository/com/aventstack/extentreports/4.0.9/extentreports-4.0.9.jar!/com/aventstack/extentreports/view/v3html/test-view/v3-html-test-view.ftl"
2020-04-11 23:35:03,026 DEBUG [main] cache:45 - Couldn't find template in cache for "v3html/test-view/v3-html-test-view-charts.ftl"("en", UTF-8, parsed); will try to load it.
2020-04-11 23:35:03,026 DEBUG [main] cache:45 - TemplateLoader.findTemplateSource("v3html/test-view/v3-html-test-view-charts_en.ftl"): Not found
2020-04-11 23:35:03,026 DEBUG [main] cache:45 - TemplateLoader.findTemplateSource("v3html/test-view/v3-html-test-view-charts.ftl"): Found
2020-04-11 23:35:03,026 DEBUG [main] cache:45 - Loading template for "v3html/test-view/v3-html-test-view-charts.ftl"("en", UTF-8, parsed) from "jar:file:/C:/Users/arunt/.m2/repository/com/aventstack/extentreports/4.0.9/extentreports-4.0.9.jar!/com/aventstack/extentreports/view/v3html/test-view/v3-html-test-view-charts.ftl"
2020-04-11 23:35:03,042 DEBUG [main] cache:45 - Couldn't find template in cache for "v3html/test-view/v3-html-standard.ftl"("en", UTF-8, parsed); will try to load it.
2020-04-11 23:35:03,042 DEBUG [main] cache:45 - TemplateLoader.findTemplateSource("v3html/test-view/v3-html-standard_en.ftl"): Not found
2020-04-11 23:35:03,042 DEBUG [main] cache:45 - TemplateLoader.findTemplateSource("v3html/test-view/v3-html-standard.ftl"): Found
2020-04-11 23:35:03,042 DEBUG [main] cache:45 - Loading template for "v3html/test-view/v3-html-standard.ftl"("en", UTF-8, parsed) from "jar:file:/C:/Users/arunt/.m2/repository/com/aventstack/extentreports/4.0.9/extentreports-4.0.9.jar!/com/aventstack/extentreports/view/v3html/test-view/v3-html-standard.ftl"
2020-04-11 23:35:03,104 DEBUG [main] cache:45 - Couldn't find template in cache for "v3html/category-view/v3-html-category-view.ftl"("en", UTF-8, parsed); will try to load it.
2020-04-11 23:35:03,104 DEBUG [main] cache:45 - TemplateLoader.findTemplateSource("v3html/category-view/v3-html-category-view_en.ftl"): Not found
2020-04-11 23:35:03,104 DEBUG [main] cache:45 - TemplateLoader.findTemplateSource("v3html/category-view/v3-html-category-view.ftl"): Found
2020-04-11 23:35:03,104 DEBUG [main] cache:45 - Loading template for "v3html/category-view/v3-html-category-view.ftl"("en", UTF-8, parsed) from "jar:file:/C:/Users/arunt/.m2/repository/com/aventstack/extentreports/4.0.9/extentreports-4.0.9.jar!/com/aventstack/extentreports/view/v3html/category-view/v3-html-category-view.ftl"
2020-04-11 23:35:03,104 DEBUG [main] cache:45 - Couldn't find template in cache for "v3html/exception-view/v3-html-exception-view.ftl"("en", UTF-8, parsed); will try to load it.
2020-04-11 23:35:03,104 DEBUG [main] cache:45 - TemplateLoader.findTemplateSource("v3html/exception-view/v3-html-exception-view_en.ftl"): Not found
2020-04-11 23:35:03,104 DEBUG [main] cache:45 - TemplateLoader.findTemplateSource("v3html/exception-view/v3-html-exception-view.ftl"): Found
2020-04-11 23:35:03,104 DEBUG [main] cache:45 - Loading template for "v3html/exception-view/v3-html-exception-view.ftl"("en", UTF-8, parsed) from "jar:file:/C:/Users/arunt/.m2/repository/com/aventstack/extentreports/4.0.9/extentreports-4.0.9.jar!/com/aventstack/extentreports/view/v3html/exception-view/v3-html-exception-view.ftl"
2020-04-11 23:35:03,120 DEBUG [main] cache:45 - Couldn't find template in cache for "v3html/author-view/v3-html-author-view.ftl"("en", UTF-8, parsed); will try to load it.
2020-04-11 23:35:03,135 DEBUG [main] cache:45 - TemplateLoader.findTemplateSource("v3html/author-view/v3-html-author-view_en.ftl"): Not found
2020-04-11 23:35:03,135 DEBUG [main] cache:45 - TemplateLoader.findTemplateSource("v3html/author-view/v3-html-author-view.ftl"): Found
2020-04-11 23:35:03,135 DEBUG [main] cache:45 - Loading template for "v3html/author-view/v3-html-author-view.ftl"("en", UTF-8, parsed) from "jar:file:/C:/Users/arunt/.m2/repository/com/aventstack/extentreports/4.0.9/extentreports-4.0.9.jar!/com/aventstack/extentreports/view/v3html/author-view/v3-html-author-view.ftl"
2020-04-11 23:35:03,151 DEBUG [main] cache:45 - Couldn't find template in cache for "v3html/dashboard-view/v3-html-dashboard-view.ftl"("en", UTF-8, parsed); will try to load it.
2020-04-11 23:35:03,151 DEBUG [main] cache:45 - TemplateLoader.findTemplateSource("v3html/dashboard-view/v3-html-dashboard-view_en.ftl"): Not found
2020-04-11 23:35:03,151 DEBUG [main] cache:45 - TemplateLoader.findTemplateSource("v3html/dashboard-view/v3-html-dashboard-view.ftl"): Found
2020-04-11 23:35:03,151 DEBUG [main] cache:45 - Loading template for "v3html/dashboard-view/v3-html-dashboard-view.ftl"("en", UTF-8, parsed) from "jar:file:/C:/Users/arunt/.m2/repository/com/aventstack/extentreports/4.0.9/extentreports-4.0.9.jar!/com/aventstack/extentreports/view/v3html/dashboard-view/v3-html-dashboard-view.ftl"
2020-04-11 23:35:03,167 DEBUG [main] cache:45 - Couldn't find template in cache for "v3html/logs-view/v3-html-testrunner-logs-view.ftl"("en", UTF-8, parsed); will try to load it.
2020-04-11 23:35:03,167 DEBUG [main] cache:45 - TemplateLoader.findTemplateSource("v3html/logs-view/v3-html-testrunner-logs-view_en.ftl"): Not found
2020-04-11 23:35:03,167 DEBUG [main] cache:45 - TemplateLoader.findTemplateSource("v3html/logs-view/v3-html-testrunner-logs-view.ftl"): Found
2020-04-11 23:35:03,167 DEBUG [main] cache:45 - Loading template for "v3html/logs-view/v3-html-testrunner-logs-view.ftl"("en", UTF-8, parsed) from "jar:file:/C:/Users/arunt/.m2/repository/com/aventstack/extentreports/4.0.9/extentreports-4.0.9.jar!/com/aventstack/extentreports/view/v3html/logs-view/v3-html-testrunner-logs-view.ftl"
2020-04-11 23:37:14,055  INFO [main] Generic_Test:42 - Browser is launched
2020-04-11 23:39:55,866  INFO [main] Generic_Test:42 - Browser is launched
2020-04-11 23:40:14,092  INFO [main] Generic_Test:79 - Browser is closed
2020-04-11 23:40:14,141 DEBUG [main] cache:45 - Couldn't find template in cache for "v3html/v3-html-index.ftl"("en", UTF-8, parsed); will try to load it.
2020-04-11 23:40:14,141 DEBUG [main] cache:45 - TemplateLoader.findTemplateSource("v3html/v3-html-index_en.ftl"): Not found
2020-04-11 23:40:14,141 DEBUG [main] cache:45 - TemplateLoader.findTemplateSource("v3html/v3-html-index.ftl"): Found
2020-04-11 23:40:14,141 DEBUG [main] cache:45 - Loading template for "v3html/v3-html-index.ftl"("en", UTF-8, parsed) from "jar:file:/C:/Users/arunt/.m2/repository/com/aventstack/extentreports/4.0.9/extentreports-4.0.9.jar!/com/aventstack/extentreports/view/v3html/v3-html-index.ftl"
2020-04-11 23:40:14,516 DEBUG [main] cache:45 - Couldn't find template in cache for "v3html/v3-html-head.ftl"("en", UTF-8, parsed); will try to load it.
2020-04-11 23:40:14,516 DEBUG [main] cache:45 - TemplateLoader.findTemplateSource("v3html/v3-html-head_en.ftl"): Not found
2020-04-11 23:40:14,516 DEBUG [main] cache:45 - TemplateLoader.findTemplateSource("v3html/v3-html-head.ftl"): Found
2020-04-11 23:40:14,516 DEBUG [main] cache:45 - Loading template for "v3html/v3-html-head.ftl"("en", UTF-8, parsed) from "jar:file:/C:/Users/arunt/.m2/repository/com/aventstack/extentreports/4.0.9/extentreports-4.0.9.jar!/com/aventstack/extentreports/view/v3html/v3-html-head.ftl"
2020-04-11 23:40:14,532 DEBUG [main] cache:45 - Couldn't find template in cache for "v3html/v3-html-nav.ftl"("en", UTF-8, parsed); will try to load it.
2020-04-11 23:40:14,532 DEBUG [main] cache:45 - TemplateLoader.findTemplateSource("v3html/v3-html-nav_en.ftl"): Not found
2020-04-11 23:40:14,532 DEBUG [main] cache:45 - TemplateLoader.findTemplateSource("v3html/v3-html-nav.ftl"): Found
2020-04-11 23:40:14,532 DEBUG [main] cache:45 - Loading template for "v3html/v3-html-nav.ftl"("en", UTF-8, parsed) from "jar:file:/C:/Users/arunt/.m2/repository/com/aventstack/extentreports/4.0.9/extentreports-4.0.9.jar!/com/aventstack/extentreports/view/v3html/v3-html-nav.ftl"
2020-04-11 23:40:14,547 DEBUG [main] cache:45 - Couldn't find template in cache for "v3html/test-view/v3-html-test-view.ftl"("en", UTF-8, parsed); will try to load it.
2020-04-11 23:40:14,547 DEBUG [main] cache:45 - TemplateLoader.findTemplateSource("v3html/test-view/v3-html-test-view_en.ftl"): Not found
2020-04-11 23:40:14,547 DEBUG [main] cache:45 - TemplateLoader.findTemplateSource("v3html/test-view/v3-html-test-view.ftl"): Found
2020-04-11 23:40:14,547 DEBUG [main] cache:45 - Loading template for "v3html/test-view/v3-html-test-view.ftl"("en", UTF-8, parsed) from "jar:file:/C:/Users/arunt/.m2/repository/com/aventstack/extentreports/4.0.9/extentreports-4.0.9.jar!/com/aventstack/extentreports/view/v3html/test-view/v3-html-test-view.ftl"
2020-04-11 23:40:14,563 DEBUG [main] cache:45 - Couldn't find template in cache for "v3html/test-view/v3-html-test-view-charts.ftl"("en", UTF-8, parsed); will try to load it.
2020-04-11 23:40:14,563 DEBUG [main] cache:45 - TemplateLoader.findTemplateSource("v3html/test-view/v3-html-test-view-charts_en.ftl"): Not found
2020-04-11 23:40:14,563 DEBUG [main] cache:45 - TemplateLoader.findTemplateSource("v3html/test-view/v3-html-test-view-charts.ftl"): Found
2020-04-11 23:40:14,563 DEBUG [main] cache:45 - Loading template for "v3html/test-view/v3-html-test-view-charts.ftl"("en", UTF-8, parsed) from "jar:file:/C:/Users/arunt/.m2/repository/com/aventstack/extentreports/4.0.9/extentreports-4.0.9.jar!/com/aventstack/extentreports/view/v3html/test-view/v3-html-test-view-charts.ftl"
2020-04-11 23:40:14,594 DEBUG [main] cache:45 - Couldn't find template in cache for "v3html/test-view/v3-html-standard.ftl"("en", UTF-8, parsed); will try to load it.
2020-04-11 23:40:14,594 DEBUG [main] cache:45 - TemplateLoader.findTemplateSource("v3html/test-view/v3-html-standard_en.ftl"): Not found
2020-04-11 23:40:14,594 DEBUG [main] cache:45 - TemplateLoader.findTemplateSource("v3html/test-view/v3-html-standard.ftl"): Found
2020-04-11 23:40:14,594 DEBUG [main] cache:45 - Loading template for "v3html/test-view/v3-html-standard.ftl"("en", UTF-8, parsed) from "jar:file:/C:/Users/arunt/.m2/repository/com/aventstack/extentreports/4.0.9/extentreports-4.0.9.jar!/com/aventstack/extentreports/view/v3html/test-view/v3-html-standard.ftl"
2020-04-11 23:40:14,672 DEBUG [main] cache:45 - Couldn't find template in cache for "v3html/category-view/v3-html-category-view.ftl"("en", UTF-8, parsed); will try to load it.
2020-04-11 23:40:14,672 DEBUG [main] cache:45 - TemplateLoader.findTemplateSource("v3html/category-view/v3-html-category-view_en.ftl"): Not found
2020-04-11 23:40:14,672 DEBUG [main] cache:45 - TemplateLoader.findTemplateSource("v3html/category-view/v3-html-category-view.ftl"): Found
2020-04-11 23:40:14,672 DEBUG [main] cache:45 - Loading template for "v3html/category-view/v3-html-category-view.ftl"("en", UTF-8, parsed) from "jar:file:/C:/Users/arunt/.m2/repository/com/aventstack/extentreports/4.0.9/extentreports-4.0.9.jar!/com/aventstack/extentreports/view/v3html/category-view/v3-html-category-view.ftl"
2020-04-11 23:40:14,688 DEBUG [main] cache:45 - Couldn't find template in cache for "v3html/exception-view/v3-html-exception-view.ftl"("en", UTF-8, parsed); will try to load it.
2020-04-11 23:40:14,688 DEBUG [main] cache:45 - TemplateLoader.findTemplateSource("v3html/exception-view/v3-html-exception-view_en.ftl"): Not found
2020-04-11 23:40:14,688 DEBUG [main] cache:45 - TemplateLoader.findTemplateSource("v3html/exception-view/v3-html-exception-view.ftl"): Found
2020-04-11 23:40:14,688 DEBUG [main] cache:45 - Loading template for "v3html/exception-view/v3-html-exception-view.ftl"("en", UTF-8, parsed) from "jar:file:/C:/Users/arunt/.m2/repository/com/aventstack/extentreports/4.0.9/extentreports-4.0.9.jar!/com/aventstack/extentreports/view/v3html/exception-view/v3-html-exception-view.ftl"
2020-04-11 23:40:14,688 DEBUG [main] cache:45 - Couldn't find template in cache for "v3html/author-view/v3-html-author-view.ftl"("en", UTF-8, parsed); will try to load it.
2020-04-11 23:40:14,688 DEBUG [main] cache:45 - TemplateLoader.findTemplateSource("v3html/author-view/v3-html-author-view_en.ftl"): Not found
2020-04-11 23:40:14,704 DEBUG [main] cache:45 - TemplateLoader.findTemplateSource("v3html/author-view/v3-html-author-view.ftl"): Found
2020-04-11 23:40:14,704 DEBUG [main] cache:45 - Loading template for "v3html/author-view/v3-html-author-view.ftl"("en", UTF-8, parsed) from "jar:file:/C:/Users/arunt/.m2/repository/com/aventstack/extentreports/4.0.9/extentreports-4.0.9.jar!/com/aventstack/extentreports/view/v3html/author-view/v3-html-author-view.ftl"
2020-04-11 23:40:14,704 DEBUG [main] cache:45 - Couldn't find template in cache for "v3html/dashboard-view/v3-html-dashboard-view.ftl"("en", UTF-8, parsed); will try to load it.
2020-04-11 23:40:14,704 DEBUG [main] cache:45 - TemplateLoader.findTemplateSource("v3html/dashboard-view/v3-html-dashboard-view_en.ftl"): Not found
2020-04-11 23:40:14,704 DEBUG [main] cache:45 - TemplateLoader.findTemplateSource("v3html/dashboard-view/v3-html-dashboard-view.ftl"): Found
2020-04-11 23:40:14,704 DEBUG [main] cache:45 - Loading template for "v3html/dashboard-view/v3-html-dashboard-view.ftl"("en", UTF-8, parsed) from "jar:file:/C:/Users/arunt/.m2/repository/com/aventstack/extentreports/4.0.9/extentreports-4.0.9.jar!/com/aventstack/extentreports/view/v3html/dashboard-view/v3-html-dashboard-view.ftl"
2020-04-11 23:40:14,719 DEBUG [main] cache:45 - Couldn't find template in cache for "v3html/logs-view/v3-html-testrunner-logs-view.ftl"("en", UTF-8, parsed); will try to load it.
2020-04-11 23:40:14,719 DEBUG [main] cache:45 - TemplateLoader.findTemplateSource("v3html/logs-view/v3-html-testrunner-logs-view_en.ftl"): Not found
2020-04-11 23:40:14,719 DEBUG [main] cache:45 - TemplateLoader.findTemplateSource("v3html/logs-view/v3-html-testrunner-logs-view.ftl"): Found
2020-04-11 23:40:14,719 DEBUG [main] cache:45 - Loading template for "v3html/logs-view/v3-html-testrunner-logs-view.ftl"("en", UTF-8, parsed) from "jar:file:/C:/Users/arunt/.m2/repository/com/aventstack/extentreports/4.0.9/extentreports-4.0.9.jar!/com/aventstack/extentreports/view/v3html/logs-view/v3-html-testrunner-logs-view.ftl"
2020-04-12 12:13:14,345  INFO [main] Generic_Test:42 - Browser is launched
2020-04-12 12:19:23,194  INFO [main] Generic_Test:42 - Browser is launched
2020-04-25 19:31:22,870  INFO [main] Generic_Test:42 - Browser is launched
2020-04-25 19:31:41,833  INFO [main] Generic_Test:42 - Browser is launched
2020-05-11 00:58:25,084  INFO [TestNG-tests-2] Generic_Test:42 - Browser is launched
2020-05-11 00:58:25,084  INFO [TestNG-tests-3] Generic_Test:42 - Browser is launched
2020-05-11 00:58:25,084  INFO [TestNG-tests-1] Generic_Test:42 - Browser is launched
2020-05-11 00:58:29,215  INFO [TestNG-tests-2] Generic_Test:42 - Browser is launched
2020-05-11 00:58:44,666  INFO [TestNG-tests-1] Generic_Test:42 - Browser is launched
2020-05-11 00:58:45,757  INFO [TestNG-tests-3] Generic_Test:42 - Browser is launched
2020-05-11 00:58:58,167  INFO [TestNG-tests-3] Generic_Test:42 - Browser is launched
2020-05-11 00:59:05,595  INFO [TestNG-tests-2] Generic_Test:42 - Browser is launched
2020-05-11 00:59:11,223  INFO [TestNG-tests-3] Generic_Test:42 - Browser is launched
2020-05-11 00:59:33,650  INFO [TestNG-tests-1] Generic_Test:42 - Browser is launched
2020-05-11 00:59:43,447  INFO [TestNG-tests-2] Generic_Test:42 - Browser is launched
2020-05-11 01:00:01,408  INFO [TestNG-tests-1] Generic_Test:42 - Browser is launched
2020-05-11 23:56:00,711  INFO [main] Generic_Test:42 - Browser is launched
2020-05-15 00:20:31,440  INFO [main] Generic_Test:42 - Browser is launched
2020-05-15 00:20:43,094  INFO [main] Generic_Test:79 - Browser is closed
2020-05-15 00:20:43,194 DEBUG [main] cache:45 - Couldn't find template in cache for "v3html/v3-html-index.ftl"("en", UTF-8, parsed); will try to load it.
2020-05-15 00:20:43,196 DEBUG [main] cache:45 - TemplateLoader.findTemplateSource("v3html/v3-html-index_en.ftl"): Not found
2020-05-15 00:20:43,199 DEBUG [main] cache:45 - TemplateLoader.findTemplateSource("v3html/v3-html-index.ftl"): Found
2020-05-15 00:20:43,201 DEBUG [main] cache:45 - Loading template for "v3html/v3-html-index.ftl"("en", UTF-8, parsed) from "jar:file:/C:/Users/arunt/.m2/repository/com/aventstack/extentreports/4.0.9/extentreports-4.0.9.jar!/com/aventstack/extentreports/view/v3html/v3-html-index.ftl"
2020-05-15 00:20:43,547 DEBUG [main] cache:45 - Couldn't find template in cache for "v3html/v3-html-head.ftl"("en", UTF-8, parsed); will try to load it.
2020-05-15 00:20:43,548 DEBUG [main] cache:45 - TemplateLoader.findTemplateSource("v3html/v3-html-head_en.ftl"): Not found
2020-05-15 00:20:43,549 DEBUG [main] cache:45 - TemplateLoader.findTemplateSource("v3html/v3-html-head.ftl"): Found
2020-05-15 00:20:43,550 DEBUG [main] cache:45 - Loading template for "v3html/v3-html-head.ftl"("en", UTF-8, parsed) from "jar:file:/C:/Users/arunt/.m2/repository/com/aventstack/extentreports/4.0.9/extentreports-4.0.9.jar!/com/aventstack/extentreports/view/v3html/v3-html-head.ftl"
2020-05-15 00:20:43,557 DEBUG [main] cache:45 - Couldn't find template in cache for "v3html/v3-html-nav.ftl"("en", UTF-8, parsed); will try to load it.
2020-05-15 00:20:43,558 DEBUG [main] cache:45 - TemplateLoader.findTemplateSource("v3html/v3-html-nav_en.ftl"): Not found
2020-05-15 00:20:43,559 DEBUG [main] cache:45 - TemplateLoader.findTemplateSource("v3html/v3-html-nav.ftl"): Found
2020-05-15 00:20:43,560 DEBUG [main] cache:45 - Loading template for "v3html/v3-html-nav.ftl"("en", UTF-8, parsed) from "jar:file:/C:/Users/arunt/.m2/repository/com/aventstack/extentreports/4.0.9/extentreports-4.0.9.jar!/com/aventstack/extentreports/view/v3html/v3-html-nav.ftl"
2020-05-15 00:20:43,576 DEBUG [main] cache:45 - Couldn't find template in cache for "v3html/test-view/v3-html-test-view.ftl"("en", UTF-8, parsed); will try to load it.
2020-05-15 00:20:43,577 DEBUG [main] cache:45 - TemplateLoader.findTemplateSource("v3html/test-view/v3-html-test-view_en.ftl"): Not found
2020-05-15 00:20:43,580 DEBUG [main] cache:45 - TemplateLoader.findTemplateSource("v3html/test-view/v3-html-test-view.ftl"): Found
2020-05-15 00:20:43,580 DEBUG [main] cache:45 - Loading template for "v3html/test-view/v3-html-test-view.ftl"("en", UTF-8, parsed) from "jar:file:/C:/Users/arunt/.m2/repository/com/aventstack/extentreports/4.0.9/extentreports-4.0.9.jar!/com/aventstack/extentreports/view/v3html/test-view/v3-html-test-view.ftl"
2020-05-15 00:20:43,627 DEBUG [main] cache:45 - Couldn't find template in cache for "v3html/test-view/v3-html-test-view-charts.ftl"("en", UTF-8, parsed); will try to load it.
2020-05-15 00:20:43,628 DEBUG [main] cache:45 - TemplateLoader.findTemplateSource("v3html/test-view/v3-html-test-view-charts_en.ftl"): Not found
2020-05-15 00:20:43,629 DEBUG [main] cache:45 - TemplateLoader.findTemplateSource("v3html/test-view/v3-html-test-view-charts.ftl"): Found
2020-05-15 00:20:43,630 DEBUG [main] cache:45 - Loading template for "v3html/test-view/v3-html-test-view-charts.ftl"("en", UTF-8, parsed) from "jar:file:/C:/Users/arunt/.m2/repository/com/aventstack/extentreports/4.0.9/extentreports-4.0.9.jar!/com/aventstack/extentreports/view/v3html/test-view/v3-html-test-view-charts.ftl"
2020-05-15 00:20:43,655 DEBUG [main] cache:45 - Couldn't find template in cache for "v3html/test-view/v3-html-standard.ftl"("en", UTF-8, parsed); will try to load it.
2020-05-15 00:20:43,655 DEBUG [main] cache:45 - TemplateLoader.findTemplateSource("v3html/test-view/v3-html-standard_en.ftl"): Not found
2020-05-15 00:20:43,655 DEBUG [main] cache:45 - TemplateLoader.findTemplateSource("v3html/test-view/v3-html-standard.ftl"): Found
2020-05-15 00:20:43,655 DEBUG [main] cache:45 - Loading template for "v3html/test-view/v3-html-standard.ftl"("en", UTF-8, parsed) from "jar:file:/C:/Users/arunt/.m2/repository/com/aventstack/extentreports/4.0.9/extentreports-4.0.9.jar!/com/aventstack/extentreports/view/v3html/test-view/v3-html-standard.ftl"
2020-05-15 11:32:04,709  INFO [main] Generic_Test:42 - Browser is launched
2020-05-16 22:33:44,806  INFO [main] Generic_Test:42 - Browser is launched
2020-05-24 22:35:17,959  INFO [main] Generic_Test:42 - Browser is launched
